<?xml version="1.0" encoding="UTF-8"?>
<!-- Generated by org.testng.reporters.JUnitReportReporter -->
<testsuite hostname="09197013-Sandeep" failures="0" tests="1" name="amazonAutoTest.createWishList" time="7.546" errors="0" timestamp="11 Sep 2021 04:14:13 GMT">
  <testcase classname="amazonAutoTest.createWishList" name="createWishListforUser" time="7.546"/>
</testsuite> <!-- amazonAutoTest.createWishList -->
