<?xml version="1.0" encoding="UTF-8"?>
<!-- Generated by org.testng.reporters.JUnitReportReporter -->
<testsuite hostname="09197013-Sandeep" failures="0" tests="1" name="amazonAutoTest.assertCartItems" time="8.452" errors="0" timestamp="11 Sep 2021 04:11:41 GMT">
  <testcase classname="amazonAutoTest.assertCartItems" name="assertCart" time="8.452"/>
</testsuite> <!-- amazonAutoTest.assertCartItems -->
