<?xml version="1.0" encoding="UTF-8"?>
<!-- Generated by org.testng.reporters.JUnitReportReporter -->
<testsuite hostname="09197013-Sandeep" failures="0" tests="1" name="amazonAutoTest.validatePageTitle" time="0.019" errors="0" timestamp="11 Sep 2021 04:11:41 GMT">
  <testcase classname="amazonAutoTest.validatePageTitle" name="validateAppTitle" time="0.019"/>
</testsuite> <!-- amazonAutoTest.validatePageTitle -->
