<?xml version="1.0" encoding="UTF-8"?>
<!-- Generated by org.testng.reporters.JUnitReportReporter -->
<testsuite hostname="09197013-Sandeep" failures="0" tests="1" name="amazonAutoTest.addItemsToWishList" time="9.600" errors="0" timestamp="11 Sep 2021 04:14:13 GMT">
  <testcase classname="amazonAutoTest.addItemsToWishList" name="addItemsToList" time="9.600"/>
</testsuite> <!-- amazonAutoTest.addItemsToWishList -->
