<?xml version="1.0" encoding="UTF-8"?>
<!-- Generated by org.testng.reporters.JUnitReportReporter -->
<testsuite hostname="09197013-Sandeep" failures="0" tests="1" name="amazonAutoTest.validateSuccessLogin" time="3.410" errors="0" timestamp="11 Sep 2021 04:14:13 GMT">
  <testcase classname="amazonAutoTest.validateSuccessLogin" name="loginSuccess" time="3.410"/>
</testsuite> <!-- amazonAutoTest.validateSuccessLogin -->
