<?xml version="1.0" encoding="UTF-8"?>
<!-- Generated by org.testng.reporters.JUnitReportReporter -->
<testsuite hostname="09197013-Sandeep" failures="0" tests="1" name="amazonAutoTest.validateFailedLogin" time="5.730" errors="0" timestamp="11 Sep 2021 04:40:28 GMT">
  <testcase classname="amazonAutoTest.validateFailedLogin" name="loginFailed" time="5.730"/>
</testsuite> <!-- amazonAutoTest.validateFailedLogin -->
