<?xml version="1.0" encoding="UTF-8"?>
<!-- Generated by org.testng.reporters.JUnitReportReporter -->
<testsuite hostname="09197013-Sandeep" failures="0" tests="1" name="automation.amazon.AppTest" time="0.003" errors="0" timestamp="10 Sep 2021 01:51:51 GMT">
  <testcase classname="automation.amazon.AppTest" name="shouldAnswerWithTrue" time="0.003"/>
</testsuite> <!-- automation.amazon.AppTest -->
